<?xml version="1.0" encoding="UTF-8"?>
<!-- Generated by org.testng.reporters.JUnitXMLReporter -->
<testsuite ignored="0" hostname="LAPTOP-70IBGII1" failures="0" tests="4" name="Test" time="15.74" errors="0" timestamp="2023-04-05T09:29:07 IST">
  <testcase classname="test_class.post_tc1" name="orchestrator" time="10.768"/>
  <testcase classname="test_class.put_tc1" name="orchestrator" time="1.787"/>
  <testcase classname="test_class.get_tc1" name="orchestrator" time="1.455"/>
  <testcase classname="test_class.patch_tc1" name="orchestrator" time="1.365"/>
</testsuite> <!-- Test -->
