<?xml version="1.0" encoding="UTF-8"?>
<testng-results ignored="0" total="4" passed="4" failed="0" skipped="0">
  <reporter-output>
  </reporter-output>
  <suite started-at="2023-04-05T09:28:51 IST" name="Suite" finished-at="2023-04-05T09:29:07 IST" duration-ms="15740">
    <groups>
    </groups>
    <test started-at="2023-04-05T09:28:51 IST" name="Test" finished-at="2023-04-05T09:29:07 IST" duration-ms="15740">
      <class name="test_class.patch_tc1">
        <test-method signature="orchestrator()[pri:0, instance:test_class.patch_tc1@4397ad89]" started-at="2023-04-05T09:29:06 IST" name="orchestrator" finished-at="2023-04-05T09:29:07 IST" duration-ms="1365" status="PASS">
          <reporter-output>
          </reporter-output>
        </test-method> <!-- orchestrator -->
      </class> <!-- test_class.patch_tc1 -->
      <class name="test_class.get_tc1">
        <test-method signature="orchestrator()[pri:0, instance:test_class.get_tc1@341814d3]" started-at="2023-04-05T09:29:04 IST" name="orchestrator" finished-at="2023-04-05T09:29:06 IST" duration-ms="1455" status="PASS">
          <reporter-output>
          </reporter-output>
        </test-method> <!-- orchestrator -->
      </class> <!-- test_class.get_tc1 -->
      <class name="test_class.put_tc1">
        <test-method signature="orchestrator()[pri:0, instance:test_class.put_tc1@3d246ea3]" started-at="2023-04-05T09:29:02 IST" name="orchestrator" finished-at="2023-04-05T09:29:04 IST" duration-ms="1787" status="PASS">
          <reporter-output>
          </reporter-output>
        </test-method> <!-- orchestrator -->
      </class> <!-- test_class.put_tc1 -->
      <class name="test_class.post_tc1">
        <test-method signature="orchestrator()[pri:0, instance:test_class.post_tc1@479ceda0]" started-at="2023-04-05T09:28:51 IST" name="orchestrator" finished-at="2023-04-05T09:29:02 IST" duration-ms="10768" status="PASS">
          <reporter-output>
          </reporter-output>
        </test-method> <!-- orchestrator -->
      </class> <!-- test_class.post_tc1 -->
    </test> <!-- Test -->
  </suite> <!-- Suite -->
</testng-results>
